{"C:\\Users\\xtate\\backticks-codeblocks\\src\\index.ts": {"path":"C:\\Users\\xtate\\backticks-codeblocks\\src\\index.ts","statementMap":{"0":{"start":{"line":7,"column":2},"end":{"line":7,"column":43}},"1":{"start":{"line":8,"column":33},"end":{"line":8,"column":43}},"2":{"start":{"line":9,"column":2},"end":{"line":9,"column":54}},"3":{"start":{"line":11,"column":21},"end":{"line":11,"column":61}},"4":{"start":{"line":14,"column":22},"end":{"line":14,"column":48}},"5":{"start":{"line":16,"column":45},"end":{"line":16,"column":47}},"6":{"start":{"line":19,"column":25},"end":{"line":44,"column":3}},"7":{"start":{"line":21,"column":20},"end":{"line":21,"column":30}},"8":{"start":{"line":23,"column":4},"end":{"line":39,"column":null}},"9":{"start":{"line":24,"column":6},"end":{"line":26,"column":null}},"10":{"start":{"line":25,"column":8},"end":{"line":25,"column":67}},"11":{"start":{"line":28,"column":24},"end":{"line":28,"column":32}},"12":{"start":{"line":30,"column":6},"end":{"line":32,"column":null}},"13":{"start":{"line":31,"column":8},"end":{"line":31,"column":52}},"14":{"start":{"line":34,"column":6},"end":{"line":37,"column":9}},"15":{"start":{"line":38,"column":6},"end":{"line":38,"column":34}},"16":{"start":{"line":41,"column":4},"end":{"line":43,"column":null}},"17":{"start":{"line":42,"column":6},"end":{"line":42,"column":52}},"18":{"start":{"line":47,"column":2},"end":{"line":47,"column":44}},"19":{"start":{"line":50,"column":28},"end":{"line":50,"column":44}},"20":{"start":{"line":51,"column":2},"end":{"line":51,"column":22}},"21":{"start":{"line":53,"column":2},"end":{"line":59,"column":5}},"22":{"start":{"line":54,"column":4},"end":{"line":58,"column":null}},"23":{"start":{"line":55,"column":6},"end":{"line":55,"column":53}},"24":{"start":{"line":57,"column":6},"end":{"line":57,"column":29}},"25":{"start":{"line":62,"column":2},"end":{"line":65,"column":4}},"26":{"start":{"line":63,"column":4},"end":{"line":64,"column":30}},"27":{"start":{"line":6,"column":0},"end":{"line":6,"column":16}}},"fnMap":{"0":{"name":"processText","decl":{"start":{"line":6,"column":16},"end":{"line":6,"column":27}},"loc":{"start":{"line":6,"column":40},"end":{"line":66,"column":1}}},"1":{"name":"(anonymous_1)","decl":{"start":{"line":19,"column":25},"end":{"line":19,"column":26}},"loc":{"start":{"line":19,"column":100},"end":{"line":44,"column":3}}},"2":{"name":"(anonymous_2)","decl":{"start":{"line":53,"column":28},"end":{"line":53,"column":35}},"loc":{"start":{"line":53,"column":38},"end":{"line":59,"column":3}}},"3":{"name":"(anonymous_3)","decl":{"start":{"line":62,"column":25},"end":{"line":62,"column":32}},"loc":{"start":{"line":63,"column":4},"end":{"line":64,"column":30}}}},"branchMap":{"0":{"loc":{"start":{"line":24,"column":6},"end":{"line":26,"column":null}},"type":"if","locations":[{"start":{"line":24,"column":6},"end":{"line":26,"column":null}}]},"1":{"loc":{"start":{"line":30,"column":6},"end":{"line":32,"column":null}},"type":"if","locations":[{"start":{"line":30,"column":6},"end":{"line":32,"column":null}}]},"2":{"loc":{"start":{"line":41,"column":4},"end":{"line":43,"column":null}},"type":"if","locations":[{"start":{"line":41,"column":4},"end":{"line":43,"column":null}}]},"3":{"loc":{"start":{"line":54,"column":4},"end":{"line":58,"column":null}},"type":"if","locations":[{"start":{"line":54,"column":4},"end":{"line":58,"column":null}},{"start":{"line":56,"column":11},"end":{"line":58,"column":null}}]},"4":{"loc":{"start":{"line":63,"column":4},"end":{"line":64,"column":30}},"type":"cond-expr","locations":[{"start":{"line":63,"column":34},"end":{"line":63,"column":55}},{"start":{"line":64,"column":4},"end":{"line":64,"column":30}}]}},"s":{"0":124,"1":124,"2":124,"3":124,"4":124,"5":124,"6":124,"7":2244,"8":2244,"9":10029,"10":10017,"11":10029,"12":10029,"13":8011,"14":10029,"15":10029,"16":2244,"17":2230,"18":124,"19":124,"20":124,"21":124,"22":4138,"23":2120,"24":2018,"25":124,"26":20156,"27":1},"f":{"0":124,"1":2244,"2":4138,"3":20156},"b":{"0":[10017],"1":[8011],"2":[2230],"3":[2120,2018],"4":[10127,10029]}}
}
