TN:
SF:src\index.ts
FN:6,processText
FN:19,(anonymous_1)
FN:53,(anonymous_2)
FN:62,(anonymous_3)
FNF:4
FNH:4
FNDA:124,processText
FNDA:2244,(anonymous_1)
FNDA:4138,(anonymous_2)
FNDA:20156,(anonymous_3)
DA:6,1
DA:7,124
DA:8,124
DA:9,124
DA:11,124
DA:14,124
DA:16,124
DA:19,124
DA:21,2244
DA:23,2244
DA:24,10029
DA:25,10017
DA:28,10029
DA:30,10029
DA:31,8011
DA:34,10029
DA:38,10029
DA:41,2244
DA:42,2230
DA:47,124
DA:50,124
DA:51,124
DA:53,124
DA:54,4138
DA:55,2120
DA:57,2018
DA:62,124
DA:63,20156
LF:28
LH:28
BRDA:24,0,0,10017
BRDA:30,1,0,8011
BRDA:41,2,0,2230
BRDA:54,3,0,2120
BRDA:54,3,1,2018
BRDA:63,4,0,10127
BRDA:63,4,1,10029
BRF:7
BRH:7
end_of_record
